This file contains any messages produced by compilers while
running configure, to aid debugging if configure makes a mistake.

It was created by configure, which was
generated by GNU Autoconf 2.69.  Invocation command line was

  $ ./configure --with-libuseful=no

## --------- ##
## Platform. ##
## --------- ##

hostname = tamar1
uname -m = i686
uname -r = 2.6.38.2-p4
uname -s = Linux
uname -v = #6 SMP Sat Apr 9 23:17:44 BST 2011

/usr/bin/uname -p = unknown
/bin/uname -X     = unknown

/bin/arch              = i686
/usr/bin/arch -k       = unknown
/usr/convex/getsysinfo = unknown
/usr/bin/hostinfo      = unknown
/bin/machine           = unknown
/usr/bin/oslevel       = unknown
/bin/universe          = unknown

PATH: /bin
PATH: /usr/bin


## ----------- ##
## Core tests. ##
## ----------- ##

configure:2082: checking for gcc
configure:2098: found /usr/bin/gcc
configure:2109: result: gcc
configure:2338: checking for C compiler version
configure:2347: gcc --version >&5
gcc (GCC) 4.1.2 20070205 (prerelease)
Copyright (C) 2006 Free Software Foundation, Inc.
This is free software; see the source for copying conditions.  There is NO
warranty; not even for MERCHANTABILITY or FITNESS FOR A PARTICULAR PURPOSE.

configure:2358: $? = 0
configure:2347: gcc -v >&5
Using built-in specs.
Target: i486-pc-linux-gnu
Configured with: ../gcc-4.1-20070205/configure --enable-languages=c,c++ --prefix=/usr
Thread model: posix
gcc version 4.1.2 20070205 (prerelease)
configure:2358: $? = 0
configure:2347: gcc -V >&5
gcc: '-V' option must have argument
configure:2358: $? = 1
configure:2347: gcc -qversion >&5
gcc: unrecognized option '-qversion'
gcc: no input files
configure:2358: $? = 1
configure:2378: checking whether the C compiler works
configure:2400: gcc    conftest.c  >&5
configure:2404: $? = 0
configure:2452: result: yes
configure:2455: checking for C compiler default output file name
configure:2457: result: a.out
configure:2463: checking for suffix of executables
configure:2470: gcc -o conftest    conftest.c  >&5
configure:2474: $? = 0
configure:2496: result: 
configure:2518: checking whether we are cross compiling
configure:2526: gcc -o conftest    conftest.c  >&5
configure:2530: $? = 0
configure:2537: ./conftest
configure:2541: $? = 0
configure:2556: result: no
configure:2561: checking for suffix of object files
configure:2583: gcc -c   conftest.c >&5
configure:2587: $? = 0
configure:2608: result: o
configure:2612: checking whether we are using the GNU C compiler
configure:2631: gcc -c   conftest.c >&5
configure:2631: $? = 0
configure:2640: result: yes
configure:2649: checking whether gcc accepts -g
configure:2669: gcc -c -g  conftest.c >&5
configure:2669: $? = 0
configure:2710: result: yes
configure:2727: checking for gcc option to accept ISO C89
configure:2790: gcc  -c -g -O2  conftest.c >&5
configure:2790: $? = 0
configure:2803: result: none needed
configure:2829: checking whether make sets $(MAKE)
configure:2851: result: yes
configure:2903: checking for a BSD-compatible install
configure:2971: result: /bin/install -c
configure:2988: checking how to run the C preprocessor
configure:3019: gcc -E  conftest.c
configure:3019: $? = 0
configure:3033: gcc -E  conftest.c
conftest.c:9:28: error: ac_nonexistent.h: No such file or directory
configure:3033: $? = 1
configure: failed program was:
| /* confdefs.h */
| #define PACKAGE_NAME ""
| #define PACKAGE_TARNAME ""
| #define PACKAGE_VERSION ""
| #define PACKAGE_STRING ""
| #define PACKAGE_BUGREPORT ""
| #define PACKAGE_URL ""
| /* end confdefs.h.  */
| #include <ac_nonexistent.h>
configure:3058: result: gcc -E
configure:3078: gcc -E  conftest.c
configure:3078: $? = 0
configure:3092: gcc -E  conftest.c
conftest.c:9:28: error: ac_nonexistent.h: No such file or directory
configure:3092: $? = 1
configure: failed program was:
| /* confdefs.h */
| #define PACKAGE_NAME ""
| #define PACKAGE_TARNAME ""
| #define PACKAGE_VERSION ""
| #define PACKAGE_STRING ""
| #define PACKAGE_BUGREPORT ""
| #define PACKAGE_URL ""
| /* end confdefs.h.  */
| #include <ac_nonexistent.h>
configure:3121: checking for grep that handles long lines and -e
configure:3179: result: /usr/bin/grep
configure:3184: checking for egrep
configure:3246: result: /usr/bin/grep -E
configure:3251: checking for ANSI C header files
configure:3271: gcc -c -g -O2  conftest.c >&5
configure:3271: $? = 0
configure:3344: gcc -o conftest -g -O2   conftest.c  >&5
configure:3344: $? = 0
configure:3344: ./conftest
configure:3344: $? = 0
configure:3355: result: yes
configure:3370: checking for special C compiler options needed for large files
configure:3415: result: no
configure:3421: checking for _FILE_OFFSET_BITS value needed for large files
configure:3446: gcc -c -g -O2  conftest.c >&5
conftest.c:16: warning: left shift count >= width of type
conftest.c:16: warning: left shift count >= width of type
conftest.c:18: error: size of array 'off_t_is_large' is negative
configure:3446: $? = 1
configure: failed program was:
| /* confdefs.h */
| #define PACKAGE_NAME ""
| #define PACKAGE_TARNAME ""
| #define PACKAGE_VERSION ""
| #define PACKAGE_STRING ""
| #define PACKAGE_BUGREPORT ""
| #define PACKAGE_URL ""
| #define STDC_HEADERS 1
| /* end confdefs.h.  */
| #include <sys/types.h>
|  /* Check that off_t can represent 2**63 - 1 correctly.
|     We can't simply define LARGE_OFF_T to be 9223372036854775807,
|     since some C++ compilers masquerading as C compilers
|     incorrectly reject 9223372036854775807.  */
| #define LARGE_OFF_T (((off_t) 1 << 62) - 1 + ((off_t) 1 << 62))
|   int off_t_is_large[(LARGE_OFF_T % 2147483629 == 721
| 		       && LARGE_OFF_T % 2147483647 == 1)
| 		      ? 1 : -1];
| int
| main ()
| {
| 
|   ;
|   return 0;
| }
configure:3470: gcc -c -g -O2  conftest.c >&5
configure:3470: $? = 0
configure:3478: result: 64
configure:3783: checking for sys/types.h
configure:3783: gcc -c -g -O2  conftest.c >&5
configure:3783: $? = 0
configure:3783: result: yes
configure:3783: checking for sys/stat.h
configure:3783: gcc -c -g -O2  conftest.c >&5
configure:3783: $? = 0
configure:3783: result: yes
configure:3783: checking for stdlib.h
configure:3783: gcc -c -g -O2  conftest.c >&5
configure:3783: $? = 0
configure:3783: result: yes
configure:3783: checking for string.h
configure:3783: gcc -c -g -O2  conftest.c >&5
configure:3783: $? = 0
configure:3783: result: yes
configure:3783: checking for memory.h
configure:3783: gcc -c -g -O2  conftest.c >&5
configure:3783: $? = 0
configure:3783: result: yes
configure:3783: checking for strings.h
configure:3783: gcc -c -g -O2  conftest.c >&5
configure:3783: $? = 0
configure:3783: result: yes
configure:3783: checking for inttypes.h
configure:3783: gcc -c -g -O2  conftest.c >&5
configure:3783: $? = 0
configure:3783: result: yes
configure:3783: checking for stdint.h
configure:3783: gcc -c -g -O2  conftest.c >&5
configure:3783: $? = 0
configure:3783: result: yes
configure:3783: checking for unistd.h
configure:3783: gcc -c -g -O2  conftest.c >&5
configure:3783: $? = 0
configure:3783: result: yes
configure:3795: checking sys/capability.h usability
configure:3795: gcc -c -g -O2  conftest.c >&5
conftest.c:53:28: error: sys/capability.h: No such file or directory
configure:3795: $? = 1
configure: failed program was:
| /* confdefs.h */
| #define PACKAGE_NAME ""
| #define PACKAGE_TARNAME ""
| #define PACKAGE_VERSION ""
| #define PACKAGE_STRING ""
| #define PACKAGE_BUGREPORT ""
| #define PACKAGE_URL ""
| #define STDC_HEADERS 1
| #define _FILE_OFFSET_BITS 64
| #define HAVE_SYS_TYPES_H 1
| #define HAVE_SYS_STAT_H 1
| #define HAVE_STDLIB_H 1
| #define HAVE_STRING_H 1
| #define HAVE_MEMORY_H 1
| #define HAVE_STRINGS_H 1
| #define HAVE_INTTYPES_H 1
| #define HAVE_STDINT_H 1
| #define HAVE_UNISTD_H 1
| /* end confdefs.h.  */
| #include <stdio.h>
| #ifdef HAVE_SYS_TYPES_H
| # include <sys/types.h>
| #endif
| #ifdef HAVE_SYS_STAT_H
| # include <sys/stat.h>
| #endif
| #ifdef STDC_HEADERS
| # include <stdlib.h>
| # include <stddef.h>
| #else
| # ifdef HAVE_STDLIB_H
| #  include <stdlib.h>
| # endif
| #endif
| #ifdef HAVE_STRING_H
| # if !defined STDC_HEADERS && defined HAVE_MEMORY_H
| #  include <memory.h>
| # endif
| # include <string.h>
| #endif
| #ifdef HAVE_STRINGS_H
| # include <strings.h>
| #endif
| #ifdef HAVE_INTTYPES_H
| # include <inttypes.h>
| #endif
| #ifdef HAVE_STDINT_H
| # include <stdint.h>
| #endif
| #ifdef HAVE_UNISTD_H
| # include <unistd.h>
| #endif
| #include <sys/capability.h>
configure:3795: result: no
configure:3795: checking sys/capability.h presence
configure:3795: gcc -E  conftest.c
conftest.c:20:28: error: sys/capability.h: No such file or directory
configure:3795: $? = 1
configure: failed program was:
| /* confdefs.h */
| #define PACKAGE_NAME ""
| #define PACKAGE_TARNAME ""
| #define PACKAGE_VERSION ""
| #define PACKAGE_STRING ""
| #define PACKAGE_BUGREPORT ""
| #define PACKAGE_URL ""
| #define STDC_HEADERS 1
| #define _FILE_OFFSET_BITS 64
| #define HAVE_SYS_TYPES_H 1
| #define HAVE_SYS_STAT_H 1
| #define HAVE_STDLIB_H 1
| #define HAVE_STRING_H 1
| #define HAVE_MEMORY_H 1
| #define HAVE_STRINGS_H 1
| #define HAVE_INTTYPES_H 1
| #define HAVE_STDINT_H 1
| #define HAVE_UNISTD_H 1
| /* end confdefs.h.  */
| #include <sys/capability.h>
configure:3795: result: no
configure:3795: checking for sys/capability.h
configure:3795: result: no
configure:3801: checking linux/capability.h usability
configure:3801: gcc -c -g -O2  conftest.c >&5
configure:3801: $? = 0
configure:3801: result: yes
configure:3801: checking linux/capability.h presence
configure:3801: gcc -E  conftest.c
configure:3801: $? = 0
configure:3801: result: yes
configure:3801: checking for linux/capability.h
configure:3801: result: yes
configure:3811: checking for cap_init in -lcap
configure:3836: gcc -o conftest -g -O2   conftest.c -lcap   >&5
/usr/lib/gcc/i486-pc-linux-gnu/4.1.2/../../../../i486-pc-linux-gnu/bin/ld: cannot find -lcap
collect2: ld returned 1 exit status
configure:3836: $? = 1
configure: failed program was:
| /* confdefs.h */
| #define PACKAGE_NAME ""
| #define PACKAGE_TARNAME ""
| #define PACKAGE_VERSION ""
| #define PACKAGE_STRING ""
| #define PACKAGE_BUGREPORT ""
| #define PACKAGE_URL ""
| #define STDC_HEADERS 1
| #define _FILE_OFFSET_BITS 64
| #define HAVE_SYS_TYPES_H 1
| #define HAVE_SYS_STAT_H 1
| #define HAVE_STDLIB_H 1
| #define HAVE_STRING_H 1
| #define HAVE_MEMORY_H 1
| #define HAVE_STRINGS_H 1
| #define HAVE_INTTYPES_H 1
| #define HAVE_STDINT_H 1
| #define HAVE_UNISTD_H 1
| /* end confdefs.h.  */
| 
| /* Override any GCC internal prototype to avoid an error.
|    Use char because int might match the return type of a GCC
|    builtin and then its argument prototype would still apply.  */
| #ifdef __cplusplus
| extern "C"
| #endif
| char cap_init ();
| int
| main ()
| {
| return cap_init ();
|   ;
|   return 0;
| }
configure:3845: result: no
configure:3868: checking for pam_start in -lpam
configure:3893: gcc -o conftest -g -O2   conftest.c -lpam   >&5
configure:3893: $? = 0
configure:3902: result: yes
configure:4069: creating ./config.status

## ---------------------- ##
## Running config.status. ##
## ---------------------- ##

This file was extended by config.status, which was
generated by GNU Autoconf 2.69.  Invocation command line was

  CONFIG_FILES    = 
  CONFIG_HEADERS  = 
  CONFIG_LINKS    = 
  CONFIG_COMMANDS = 
  $ ./config.status 

on tamar1

config.status:730: creating Makefile
configure:5146: === configuring in libUseful-4 (/home/Software/Generic/invocation/libUseful-4)
configure:5209: running /bin/sh ./configure --disable-option-checking '--prefix=/usr/local'  '--with-libuseful=no' --cache-file=/dev/null --srcdir=.

## ---------------- ##
## Cache variables. ##
## ---------------- ##

ac_cv_c_compiler_gnu=yes
ac_cv_env_CC_set=
ac_cv_env_CC_value=
ac_cv_env_CFLAGS_set=
ac_cv_env_CFLAGS_value=
ac_cv_env_CPPFLAGS_set=
ac_cv_env_CPPFLAGS_value=
ac_cv_env_CPP_set=
ac_cv_env_CPP_value=
ac_cv_env_LDFLAGS_set=
ac_cv_env_LDFLAGS_value=
ac_cv_env_LIBS_set=
ac_cv_env_LIBS_value=
ac_cv_env_build_alias_set=
ac_cv_env_build_alias_value=
ac_cv_env_host_alias_set=
ac_cv_env_host_alias_value=
ac_cv_env_target_alias_set=
ac_cv_env_target_alias_value=
ac_cv_header_inttypes_h=yes
ac_cv_header_linux_capability_h=yes
ac_cv_header_memory_h=yes
ac_cv_header_stdc=yes
ac_cv_header_stdint_h=yes
ac_cv_header_stdlib_h=yes
ac_cv_header_string_h=yes
ac_cv_header_strings_h=yes
ac_cv_header_sys_capability_h=no
ac_cv_header_sys_stat_h=yes
ac_cv_header_sys_types_h=yes
ac_cv_header_unistd_h=yes
ac_cv_lib_cap_cap_init=no
ac_cv_lib_pam_pam_start=yes
ac_cv_objext=o
ac_cv_path_EGREP='/usr/bin/grep -E'
ac_cv_path_GREP=/usr/bin/grep
ac_cv_path_install='/bin/install -c'
ac_cv_prog_CPP='gcc -E'
ac_cv_prog_ac_ct_CC=gcc
ac_cv_prog_cc_c89=
ac_cv_prog_cc_g=yes
ac_cv_prog_make_make_set=yes
ac_cv_sys_file_offset_bits=64
ac_cv_sys_largefile_CC=no

## ----------------- ##
## Output variables. ##
## ----------------- ##

CC='gcc'
CFLAGS='-g -O2'
CPP='gcc -E'
CPPFLAGS=''
DEFS='-DPACKAGE_NAME=\"\" -DPACKAGE_TARNAME=\"\" -DPACKAGE_VERSION=\"\" -DPACKAGE_STRING=\"\" -DPACKAGE_BUGREPORT=\"\" -DPACKAGE_URL=\"\" -DSTDC_HEADERS=1 -D_FILE_OFFSET_BITS=64 -DHAVE_SYS_TYPES_H=1 -DHAVE_SYS_STAT_H=1 -DHAVE_STDLIB_H=1 -DHAVE_STRING_H=1 -DHAVE_MEMORY_H=1 -DHAVE_STRINGS_H=1 -DHAVE_INTTYPES_H=1 -DHAVE_STDINT_H=1 -DHAVE_UNISTD_H=1 -DUSE_LINUX_CAPABILITIES=1 -DHAVE_LIBPAM=1'
ECHO_C='\c'
ECHO_N=''
ECHO_T=''
EGREP='/usr/bin/grep -E'
EXEEXT=''
GREP='/usr/bin/grep'
INSTALL_DATA='${INSTALL} -m 644'
INSTALL_PROGRAM='${INSTALL}'
INSTALL_SCRIPT='${INSTALL}'
LDFLAGS=''
LIBOBJS=''
LIBS='-lpam '
LIBUSEFUL_BUNDLED='libUseful-4/libUseful.a'
LTLIBOBJS=''
OBJEXT='o'
PACKAGE_BUGREPORT=''
PACKAGE_NAME=''
PACKAGE_STRING=''
PACKAGE_TARNAME=''
PACKAGE_URL=''
PACKAGE_VERSION=''
PATH_SEPARATOR=':'
SET_MAKE=''
SHELL='/bin/sh'
ac_ct_CC='gcc'
bindir='${exec_prefix}/bin'
build_alias=''
datadir='${datarootdir}'
datarootdir='${prefix}/share'
docdir='${datarootdir}/doc/${PACKAGE}'
dvidir='${docdir}'
exec_prefix='${prefix}'
host_alias=''
htmldir='${docdir}'
includedir='${prefix}/include'
infodir='${datarootdir}/info'
libdir='${exec_prefix}/lib'
libexecdir='${exec_prefix}/libexec'
localedir='${datarootdir}/locale'
localstatedir='${prefix}/var'
mandir='${datarootdir}/man'
oldincludedir='/usr/include'
pdfdir='${docdir}'
prefix='/usr/local'
program_transform_name='s,x,x,'
psdir='${docdir}'
sbindir='${exec_prefix}/sbin'
sharedstatedir='${prefix}/com'
subdirs=' libUseful-4'
sysconfdir='${prefix}/etc'
target_alias=''

## ----------- ##
## confdefs.h. ##
## ----------- ##

/* confdefs.h */
#define PACKAGE_NAME ""
#define PACKAGE_TARNAME ""
#define PACKAGE_VERSION ""
#define PACKAGE_STRING ""
#define PACKAGE_BUGREPORT ""
#define PACKAGE_URL ""
#define STDC_HEADERS 1
#define _FILE_OFFSET_BITS 64
#define HAVE_SYS_TYPES_H 1
#define HAVE_SYS_STAT_H 1
#define HAVE_STDLIB_H 1
#define HAVE_STRING_H 1
#define HAVE_MEMORY_H 1
#define HAVE_STRINGS_H 1
#define HAVE_INTTYPES_H 1
#define HAVE_STDINT_H 1
#define HAVE_UNISTD_H 1
#define USE_LINUX_CAPABILITIES 1
#define HAVE_LIBPAM 1

configure: exit 0
